<?xml version="1.0" encoding="UTF-8"?>
<Site BuildName="(empty)"
	BuildStamp="20221222-1317-Experimental"
	Name="(empty)"
	Generator="ctest-3.25.1"
	CompilerName=""
	CompilerVersion=""
	OSName="Windows"
	Hostname="DESKTOP-9FDKP4Q"
	OSRelease=" Professional"
	OSVersion=" (Build 19045)"
	OSPlatform="AMD64"
	Is64Bits="1"
	VendorString="GenuineIntel"
	VendorID="Intel Corporation"
	FamilyID="6"
	ModelID="14"
	ProcessorCacheSize="-1"
	NumberOfLogicalCPU="4"
	NumberOfPhysicalCPU="2"
	TotalVirtualMemory="9353"
	TotalPhysicalMemory="8073"
	LogicalProcessorsPerPhysical="2"
	ProcessorClockFrequency="2712"
	>
	<Testing>
		<StartDateTime>Dec 22 23:59 Egypt Standard Time</StartDateTime>
		<StartTestTime>1671746367</StartTestTime>
		<TestList>
			<Test>./tst/LiveMaxTest_tst</Test>
		</TestList>
		<Test Status="passed">
			<Name>LiveMaxTest_tst</Name>
			<Path>./tst</Path>
			<FullName>./tst/LiveMaxTest_tst</FullName>
			<FullCommandLine>D:\Christy\LiveMaxTest\build\tst\Debug\LiveMaxTest_tst.exe</FullCommandLine>
			<Results>
				<NamedMeasurement type="numeric/double" name="Execution Time">
					<Value>1.02994</Value>
				</NamedMeasurement>
				<NamedMeasurement type="numeric/double" name="Processors">
					<Value>1</Value>
				</NamedMeasurement>
				<NamedMeasurement type="text/string" name="Completion Status">
					<Value>Completed</Value>
				</NamedMeasurement>
				<NamedMeasurement type="text/string" name="Command Line">
					<Value>D:\Christy\LiveMaxTest\build\tst\Debug\LiveMaxTest_tst.exe</Value>
				</NamedMeasurement>
				<NamedMeasurement type="text/string" name="Environment">
					<Value>#CTEST_RESOURCE_GROUP_COUNT=</Value>
				</NamedMeasurement>
				<Measurement>
					<Value encoding="base64" compression="gzip">eJyVVE1rwkAQvedXzLEeDCot9NKD2NJDqQWxvUgIm81oFjc7YT9i7a/vJpEQNa06kA1h3ps385bJ6qmNCBZOKaE28AgWjTWw1pTDQ/0Bxgn/DoPVsI0IXiUlTDYAVKXQpHJUHox26IoT8LjB1UVnUhQxJ2WsdtySDlaw+JxDHdFZNlSkcyZjw1GhFuTRTXy8XYGGuxHkZnB9Mw0BLFkmB8Exb9K1piYWXkILK35wyq0g1TPKKSSUYotSZERpPI5HPeNcYLQj3SSlXF49N8odWL0uXnbjai/fnRE8NpZpezxWJxGytGSKYxoXku0TxrdBhlLS4dyRlunR+X/2yId/ZXr97jIUqfi8uWWG0JYwGTmZwvT5azqfvYD1OW9rghpoDcZiYWAjSlThn231ily+l06J89sIQ7+ly0wYKKq8b6VqrN4NcrZwFnbMgMacSkzBCK8Nwi/7N0dMTQPONPrh/GyePR5N7iHZV7+KKPgF8O9vdg==</Value>
				</Measurement>
			</Results>
		</Test>
		<EndDateTime>Dec 22 23:59 Egypt Standard Time</EndDateTime>
		<EndTestTime>1671746368</EndTestTime>
		<ElapsedMinutes>0</ElapsedMinutes>
	</Testing>
</Site>
